<?xml version="1.0" encoding="UTF-8"?>
<!-- Generated by org.testng.reporters.JUnitXMLReporter -->
<testsuite ignored="0" hostname="Sarthak" failures="0" tests="3" name="Default test" time="27.328" errors="0" timestamp="2024-08-20T20:22:00 CEST">
  <testcase classname="tenable.challenge.AppTest" name="Task1" time="0.28"/>
  <testcase classname="tenable.challenge.AppTest" name="Task2" time="13.499"/>
  <testcase classname="tenable.challenge.AppTest" name="Task3" time="3.303"/>
</testsuite> <!-- Default test -->
