<?xml version="1.0" encoding="UTF-8"?>
<testng-results ignored="0" total="3" passed="3" failed="0" skipped="0">
  <reporter-output>
  </reporter-output>
  <suite started-at="2024-08-20T20:21:32 CEST" name="Default suite" finished-at="2024-08-20T20:21:59 CEST" duration-ms="27328">
    <groups>
    </groups>
    <test started-at="2024-08-20T20:21:32 CEST" name="Default test" finished-at="2024-08-20T20:21:59 CEST" duration-ms="27328">
      <class name="tenable.challenge.AppTest">
        <test-method is-config="true" signature="setUp()[pri:0, instance:tenable.challenge.AppTest@408d971b]" started-at="2024-08-20T20:21:29 CEST" name="setUp" finished-at="2024-08-20T20:21:32 CEST" duration-ms="3302" status="PASS">
          <reporter-output>
          </reporter-output>
        </test-method> <!-- setUp -->
        <test-method is-config="true" signature="setUpBrowser()[pri:0, instance:tenable.challenge.AppTest@408d971b]" started-at="2024-08-20T20:21:32 CEST" name="setUpBrowser" finished-at="2024-08-20T20:21:42 CEST" duration-ms="10179" status="PASS">
          <reporter-output>
          </reporter-output>
        </test-method> <!-- setUpBrowser -->
        <test-method signature="Task1()[pri:0, instance:tenable.challenge.AppTest@408d971b]" started-at="2024-08-20T20:21:42 CEST" name="Task1" finished-at="2024-08-20T20:21:43 CEST" duration-ms="280" status="PASS">
          <reporter-output>
          </reporter-output>
        </test-method> <!-- Task1 -->
        <test-method signature="Task2()[pri:0, instance:tenable.challenge.AppTest@408d971b]" started-at="2024-08-20T20:21:43 CEST" name="Task2" finished-at="2024-08-20T20:21:56 CEST" duration-ms="13499" status="PASS">
          <reporter-output>
          </reporter-output>
        </test-method> <!-- Task2 -->
        <test-method signature="Task3()[pri:0, instance:tenable.challenge.AppTest@408d971b]" started-at="2024-08-20T20:21:56 CEST" name="Task3" finished-at="2024-08-20T20:21:59 CEST" duration-ms="3303" status="PASS">
          <reporter-output>
          </reporter-output>
        </test-method> <!-- Task3 -->
        <test-method is-config="true" signature="tearDown()[pri:0, instance:tenable.challenge.AppTest@408d971b]" started-at="2024-08-20T20:22:00 CEST" name="tearDown" finished-at="2024-08-20T20:22:00 CEST" duration-ms="762" status="PASS">
          <reporter-output>
          </reporter-output>
        </test-method> <!-- tearDown -->
      </class> <!-- tenable.challenge.AppTest -->
    </test> <!-- Default test -->
  </suite> <!-- Default suite -->
</testng-results>
